<?xml version="1.0" encoding="UTF-8"?>
<!-- Generated by org.testng.reporters.JUnitReportReporter -->
<testsuite skipped="0" hostname="ip-172-31-32-91" name="GoogleSearch" tests="1" failures="0" timestamp="05 Jul 2020 17:54:03 GMT" time="6.485" errors="0">
  <testcase name="GoogleSearch" time="6.485" classname="GoogleSearch"/>
</testsuite> <!-- GoogleSearch -->
